0 info it worked if it ends with ok
1 verbose cli [ '/usr/local/Cellar/node/6.2.2/bin/node',
1 verbose cli   '/usr/local/bin/npm',
1 verbose cli   'install',
1 verbose cli   'app/package.json' ]
2 info using npm@3.9.5
3 info using node@v6.2.2
4 verbose config Skipping project config: /Users/Andy/.npmrc. (matches userconfig)
5 silly loadCurrentTree Starting
6 silly install loadCurrentTree
7 silly install readLocalPackageData
8 silly fetchPackageMetaData app/package.json
9 silly fetchOtherPackageData app/package.json
10 silly cache add args [ 'app/package.json', null ]
11 verbose cache add spec app/package.json
12 silly cache add parsed spec Result {
12 silly cache add   raw: 'app/package.json',
12 silly cache add   scope: null,
12 silly cache add   name: null,
12 silly cache add   rawSpec: 'app/package.json',
12 silly cache add   spec: 'github:app/package.json',
12 silly cache add   type: 'hosted',
12 silly cache add   hosted:
12 silly cache add    { type: 'github',
12 silly cache add      ssh: 'git@github.com:app/package.json.git',
12 silly cache add      sshUrl: 'git+ssh://git@github.com/app/package.json.git',
12 silly cache add      httpsUrl: 'git+https://github.com/app/package.json.git',
12 silly cache add      gitUrl: 'git://github.com/app/package.json.git',
12 silly cache add      shortcut: 'github:app/package.json',
12 silly cache add      directUrl: 'https://raw.githubusercontent.com/app/package.json/master/package.json' } }
13 verbose addRemoteGit caching app/package.json
14 verbose addRemoteGit app/package.json is a repository hosted by github
15 silly tryGitProto attempting to clone git://github.com/app/package.json.git
16 silly tryClone cloning app/package.json via git://github.com/app/package.json.git
17 verbose tryClone git-github-com-app-package-json-git-3cc6ab3b not in flight; caching
18 verbose correctMkdir /Users/Andy/.npm/_git-remotes correctMkdir not in flight; initializing
19 info git [ 'clone',
19 info git   '--template=/Users/Andy/.npm/_git-remotes/_templates',
19 info git   '--mirror',
19 info git   'git://github.com/app/package.json.git',
19 info git   '/Users/Andy/.npm/_git-remotes/git-github-com-app-package-json-git-3cc6ab3b' ]
20 verbose git clone --template=/Users/Andy/.npm/_git-remotes/_templates --mirror git://github.com/app/package.json.git /Users/Andy/.npm/_git-remotes/git-github-com-app-package-json-git-3cc6ab3b: Cloning into bare repository '/Users/Andy/.npm/_git-remotes/git-github-com-app-package-json-git-3cc6ab3b'...
20 verbose git clone --template=/Users/Andy/.npm/_git-remotes/_templates --mirror git://github.com/app/package.json.git /Users/Andy/.npm/_git-remotes/git-github-com-app-package-json-git-3cc6ab3b: fatal: remote error:
20 verbose git clone --template=/Users/Andy/.npm/_git-remotes/_templates --mirror git://github.com/app/package.json.git /Users/Andy/.npm/_git-remotes/git-github-com-app-package-json-git-3cc6ab3b:   Repository not found.
21 silly tryHTTPS attempting to clone git+https://github.com/app/package.json.git
22 silly tryClone cloning app/package.json via git+https://github.com/app/package.json.git
23 verbose tryClone git-https-github-com-app-package-json-git-21376cd6 not in flight; caching
24 verbose correctMkdir /Users/Andy/.npm/_git-remotes correctMkdir not in flight; initializing
25 info git [ 'clone',
25 info git   '--template=/Users/Andy/.npm/_git-remotes/_templates',
25 info git   '--mirror',
25 info git   'https://github.com/app/package.json.git',
25 info git   '/Users/Andy/.npm/_git-remotes/git-https-github-com-app-package-json-git-21376cd6' ]
26 verbose git clone --template=/Users/Andy/.npm/_git-remotes/_templates --mirror https://github.com/app/package.json.git /Users/Andy/.npm/_git-remotes/git-https-github-com-app-package-json-git-21376cd6: Cloning into bare repository '/Users/Andy/.npm/_git-remotes/git-https-github-com-app-package-json-git-21376cd6'...
26 verbose git clone --template=/Users/Andy/.npm/_git-remotes/_templates --mirror https://github.com/app/package.json.git /Users/Andy/.npm/_git-remotes/git-https-github-com-app-package-json-git-21376cd6: remote: Repository not found.
26 verbose git clone --template=/Users/Andy/.npm/_git-remotes/_templates --mirror https://github.com/app/package.json.git /Users/Andy/.npm/_git-remotes/git-https-github-com-app-package-json-git-21376cd6: fatal: repository 'https://github.com/app/package.json.git/' not found
27 silly trySSH attempting to clone git@github.com:app/package.json.git
28 silly tryClone cloning app/package.json via git@github.com:app/package.json.git
29 verbose tryClone git-github-com-app-package-json-git-5cdf3f0f not in flight; caching
30 verbose correctMkdir /Users/Andy/.npm/_git-remotes correctMkdir not in flight; initializing
31 info git [ 'clone',
31 info git   '--template=/Users/Andy/.npm/_git-remotes/_templates',
31 info git   '--mirror',
31 info git   'git@github.com:app/package.json.git',
31 info git   '/Users/Andy/.npm/_git-remotes/git-github-com-app-package-json-git-5cdf3f0f' ]
32 error git clone --template=/Users/Andy/.npm/_git-remotes/_templates --mirror git@github.com:app/package.json.git /Users/Andy/.npm/_git-remotes/git-github-com-app-package-json-git-5cdf3f0f: Cloning into bare repository '/Users/Andy/.npm/_git-remotes/git-github-com-app-package-json-git-5cdf3f0f'...
32 error git clone --template=/Users/Andy/.npm/_git-remotes/_templates --mirror git@github.com:app/package.json.git /Users/Andy/.npm/_git-remotes/git-github-com-app-package-json-git-5cdf3f0f: ERROR: Repository not found.
32 error git clone --template=/Users/Andy/.npm/_git-remotes/_templates --mirror git@github.com:app/package.json.git /Users/Andy/.npm/_git-remotes/git-github-com-app-package-json-git-5cdf3f0f: fatal: Could not read from remote repository.
32 error git clone --template=/Users/Andy/.npm/_git-remotes/_templates --mirror git@github.com:app/package.json.git /Users/Andy/.npm/_git-remotes/git-github-com-app-package-json-git-5cdf3f0f:
32 error git clone --template=/Users/Andy/.npm/_git-remotes/_templates --mirror git@github.com:app/package.json.git /Users/Andy/.npm/_git-remotes/git-github-com-app-package-json-git-5cdf3f0f: Please make sure you have the correct access rights
32 error git clone --template=/Users/Andy/.npm/_git-remotes/_templates --mirror git@github.com:app/package.json.git /Users/Andy/.npm/_git-remotes/git-github-com-app-package-json-git-5cdf3f0f: and the repository exists.
33 silly fetchPackageMetaData Error: Command failed: git clone --template=/Users/Andy/.npm/_git-remotes/_templates --mirror git@github.com:app/package.json.git /Users/Andy/.npm/_git-remotes/git-github-com-app-package-json-git-5cdf3f0f
33 silly fetchPackageMetaData Cloning into bare repository '/Users/Andy/.npm/_git-remotes/git-github-com-app-package-json-git-5cdf3f0f'...
33 silly fetchPackageMetaData ERROR: Repository not found.
33 silly fetchPackageMetaData fatal: Could not read from remote repository.
33 silly fetchPackageMetaData
33 silly fetchPackageMetaData Please make sure you have the correct access rights
33 silly fetchPackageMetaData and the repository exists.
33 silly fetchPackageMetaData
33 silly fetchPackageMetaData     at ChildProcess.exithandler (child_process.js:207:12)
33 silly fetchPackageMetaData     at emitTwo (events.js:106:13)
33 silly fetchPackageMetaData     at ChildProcess.emit (events.js:191:7)
33 silly fetchPackageMetaData     at maybeClose (internal/child_process.js:852:16)
33 silly fetchPackageMetaData     at Socket.<anonymous> (internal/child_process.js:323:11)
33 silly fetchPackageMetaData     at emitOne (events.js:96:13)
33 silly fetchPackageMetaData     at Socket.emit (events.js:188:7)
33 silly fetchPackageMetaData     at Pipe._handle.close [as _onclose] (net.js:492:12)
33 silly fetchPackageMetaData  error for app/package.json { Error: Command failed: git clone --template=/Users/Andy/.npm/_git-remotes/_templates --mirror git@github.com:app/package.json.git /Users/Andy/.npm/_git-remotes/git-github-com-app-package-json-git-5cdf3f0f
33 silly fetchPackageMetaData Cloning into bare repository '/Users/Andy/.npm/_git-remotes/git-github-com-app-package-json-git-5cdf3f0f'...
33 silly fetchPackageMetaData ERROR: Repository not found.
33 silly fetchPackageMetaData fatal: Could not read from remote repository.
33 silly fetchPackageMetaData
33 silly fetchPackageMetaData Please make sure you have the correct access rights
33 silly fetchPackageMetaData and the repository exists.
33 silly fetchPackageMetaData
33 silly fetchPackageMetaData     at ChildProcess.exithandler (child_process.js:207:12)
33 silly fetchPackageMetaData     at emitTwo (events.js:106:13)
33 silly fetchPackageMetaData     at ChildProcess.emit (events.js:191:7)
33 silly fetchPackageMetaData     at maybeClose (internal/child_process.js:852:16)
33 silly fetchPackageMetaData     at Socket.<anonymous> (internal/child_process.js:323:11)
33 silly fetchPackageMetaData     at emitOne (events.js:96:13)
33 silly fetchPackageMetaData     at Socket.emit (events.js:188:7)
33 silly fetchPackageMetaData     at Pipe._handle.close [as _onclose] (net.js:492:12)
33 silly fetchPackageMetaData   killed: false,
33 silly fetchPackageMetaData   code: 128,
33 silly fetchPackageMetaData   signal: null,
33 silly fetchPackageMetaData   cmd: 'git clone --template=/Users/Andy/.npm/_git-remotes/_templates --mirror git@github.com:app/package.json.git /Users/Andy/.npm/_git-remotes/git-github-com-app-package-json-git-5cdf3f0f' }
34 silly rollbackFailedOptional Starting
35 silly rollbackFailedOptional Finishing
36 silly runTopLevelLifecycles Starting
37 silly runTopLevelLifecycles Finishing
38 silly install printInstalled
39 verbose stack Error: Command failed: git clone --template=/Users/Andy/.npm/_git-remotes/_templates --mirror git@github.com:app/package.json.git /Users/Andy/.npm/_git-remotes/git-github-com-app-package-json-git-5cdf3f0f
39 verbose stack Cloning into bare repository '/Users/Andy/.npm/_git-remotes/git-github-com-app-package-json-git-5cdf3f0f'...
39 verbose stack ERROR: Repository not found.
39 verbose stack fatal: Could not read from remote repository.
39 verbose stack
39 verbose stack Please make sure you have the correct access rights
39 verbose stack and the repository exists.
39 verbose stack
39 verbose stack     at ChildProcess.exithandler (child_process.js:207:12)
39 verbose stack     at emitTwo (events.js:106:13)
39 verbose stack     at ChildProcess.emit (events.js:191:7)
39 verbose stack     at maybeClose (internal/child_process.js:852:16)
39 verbose stack     at Socket.<anonymous> (internal/child_process.js:323:11)
39 verbose stack     at emitOne (events.js:96:13)
39 verbose stack     at Socket.emit (events.js:188:7)
39 verbose stack     at Pipe._handle.close [as _onclose] (net.js:492:12)
40 verbose cwd /Users/Andy/makersbnb
41 error Darwin 15.5.0
42 error argv "/usr/local/Cellar/node/6.2.2/bin/node" "/usr/local/bin/npm" "install" "app/package.json"
43 error node v6.2.2
44 error npm  v3.9.5
45 error code 128
46 error Command failed: git clone --template=/Users/Andy/.npm/_git-remotes/_templates --mirror git@github.com:app/package.json.git /Users/Andy/.npm/_git-remotes/git-github-com-app-package-json-git-5cdf3f0f
46 error Cloning into bare repository '/Users/Andy/.npm/_git-remotes/git-github-com-app-package-json-git-5cdf3f0f'...
46 error ERROR: Repository not found.
46 error fatal: Could not read from remote repository.
46 error
46 error Please make sure you have the correct access rights
46 error and the repository exists.
47 error If you need help, you may report this error at:
47 error     <https://github.com/npm/npm/issues>
48 verbose exit [ 1, true ]
